# JRE version: OpenJDK Runtime Environment Temurin-17.0.7+7 (17.0.7+7) (build 17.0.7+7)
# Java VM: OpenJDK 64-Bit Server VM Temurin-17.0.7+7 (17.0.7+7, mixed mode, emulated-client, tiered, compressed oops, compressed class ptrs, g1 gc, windows-amd64)
GC Precious Log:
 CPUs: 4 total, 4 available
 Memory: 8072M
 Large Page Support: Disabled
 NUMA Support: Disabled
 Compressed Oops: Enabled (32-bit)
 Heap Region Size: 1M
 Heap Min Capacity: 8M
 Heap Initial Capacity: 128M
 Heap Max Capacity: 1G
 Pre-touch: Disabled
 Parallel Workers: 4
 Concurrent Workers: 1
 Concurrent Refinement Workers: 4
 Periodic GC: Disabled
Heap:
 garbage-first heap   total 140288K, used 45068K [0x00000000c0000000, 0x0000000100000000)
  region size 1024K, 1 young (1024K), 0 survivors (0K)
 Metaspace       used 69768K, committed 70144K, reserved 1114112K
  class space    used 9186K, committed 9344K, reserved 1048576K
GC Heap History (20 events):
Event: 28360.886 GC heap before
{Heap before GC invocations=2429 (full 2282):
 garbage-first heap   total 140288K, used 45068K [0x00000000c0000000, 0x0000000100000000)
  region size 1024K, 1 young (1024K), 0 survivors (0K)
 Metaspace       used 69768K, committed 70144K, reserved 1114112K
  class space    used 9186K, committed 9344K, reserved 1048576K
}
Event: 28360.957 GC heap after
{Heap after GC invocations=2430 (full 2283):
 garbage-first heap   total 140288K, used 45068K [0x00000000c0000000, 0x0000000100000000)
  region size 1024K, 0 young (0K), 0 survivors (0K)
 Metaspace       used 69768K, committed 70144K, reserved 1114112K
  class space    used 9186K, committed 9344K, reserved 1048576K
}
Event: 28371.428 GC heap before
{Heap before GC invocations=2430 (full 2283):
 garbage-first heap   total 140288K, used 45068K [0x00000000c0000000, 0x0000000100000000)
  region size 1024K, 1 young (1024K), 0 survivors (0K)
 Metaspace       used 69768K, committed 70144K, reserved 1114112K
  class space    used 9186K, committed 9344K, reserved 1048576K
}
Event: 28371.500 GC heap after
{Heap after GC invocations=2431 (full 2284):
 garbage-first heap   total 140288K, used 45068K [0x00000000c0000000, 0x0000000100000000)
  region size 1024K, 0 young (0K), 0 survivors (0K)
 Metaspace       used 69768K, committed 70144K, reserved 1114112K
  class space    used 9186K, committed 9344K, reserved 1048576K
}
Event: 28381.800 GC heap before
{Heap before GC invocations=2431 (full 2284):
 garbage-first heap   total 140288K, used 45068K [0x00000000c0000000, 0x0000000100000000)
  region size 1024K, 1 young (1024K), 0 survivors (0K)
 Metaspace       used 69768K, committed 70144K, reserved 1114112K
  class space    used 9186K, committed 9344K, reserved 1048576K
}
Event: 28381.882 GC heap after
{Heap after GC invocations=2432 (full 2285):
 garbage-first heap   total 140288K, used 45068K [0x00000000c0000000, 0x0000000100000000)
  region size 1024K, 0 young (0K), 0 survivors (0K)
 Metaspace       used 69768K, committed 70144K, reserved 1114112K
  class space    used 9186K, committed 9344K, reserved 1048576K
}
Event: 28392.148 GC heap before
{Heap before GC invocations=2432 (full 2285):
 garbage-first heap   total 140288K, used 45068K [0x00000000c0000000, 0x0000000100000000)
  region size 1024K, 1 young (1024K), 0 survivors (0K)
 Metaspace       used 69768K, committed 70144K, reserved 1114112K
  class space    used 9186K, committed 9344K, reserved 1048576K
}
Event: 28392.223 GC heap after
{Heap after GC invocations=2433 (full 2286):
 garbage-first heap   total 140288K, used 45068K [0x00000000c0000000, 0x0000000100000000)
  region size 1024K, 0 young (0K), 0 survivors (0K)
 Metaspace       used 69768K, committed 70144K, reserved 1114112K
  class space    used 9186K, committed 9344K, reserved 1048576K
}
Event: 28402.488 GC heap before
{Heap before GC invocations=2433 (full 2286):
 garbage-first heap   total 140288K, used 45068K [0x00000000c0000000, 0x0000000100000000)
  region size 1024K, 1 young (1024K), 0 survivors (0K)
 Metaspace       used 69768K, committed 70144K, reserved 1114112K
  class space    used 9186K, committed 9344K, reserved 1048576K
}
Event: 28402.563 GC heap after
{Heap after GC invocations=2434 (full 2287):
 garbage-first heap   total 140288K, used 45068K [0x00000000c0000000, 0x0000000100000000)
  region size 1024K, 0 young (0K), 0 survivors (0K)
 Metaspace       used 69768K, committed 70144K, reserved 1114112K
  class space    used 9186K, committed 9344K, reserved 1048576K
}
Event: 28412.917 GC heap before
{Heap before GC invocations=2434 (full 2287):
 garbage-first heap   total 140288K, used 45068K [0x00000000c0000000, 0x0000000100000000)
  region size 1024K, 1 young (1024K), 0 survivors (0K)
 Metaspace       used 69768K, committed 70144K, reserved 1114112K
  class space    used 9186K, committed 9344K, reserved 1048576K
}
Event: 28413.033 GC heap after
{Heap after GC invocations=2435 (full 2288):
 garbage-first heap   total 140288K, used 45068K [0x00000000c0000000, 0x0000000100000000)
  region size 1024K, 0 young (0K), 0 survivors (0K)
 Metaspace       used 69768K, committed 70144K, reserved 1114112K
  class space    used 9186K, committed 9344K, reserved 1048576K
}
Event: 28423.350 GC heap before
{Heap before GC invocations=2435 (full 2288):
 garbage-first heap   total 140288K, used 45068K [0x00000000c0000000, 0x0000000100000000)
  region size 1024K, 1 young (1024K), 0 survivors (0K)
 Metaspace       used 69768K, committed 70144K, reserved 1114112K
  class space    used 9186K, committed 9344K, reserved 1048576K
}
Event: 28423.427 GC heap after
{Heap after GC invocations=2436 (full 2289):
 garbage-first heap   total 140288K, used 45068K [0x00000000c0000000, 0x0000000100000000)
  region size 1024K, 0 young (0K), 0 survivors (0K)
 Metaspace       used 69768K, committed 70144K, reserved 1114112K
  class space    used 9186K, committed 9344K, reserved 1048576K
}
Event: 28433.695 GC heap before
{Heap before GC invocations=2436 (full 2289):
 garbage-first heap   total 140288K, used 45068K [0x00000000c0000000, 0x0000000100000000)
  region size 1024K, 1 young (1024K), 0 survivors (0K)
 Metaspace       used 69768K, committed 70144K, reserved 1114112K
  class space    used 9186K, committed 9344K, reserved 1048576K
}
Event: 28433.767 GC heap after
{Heap after GC invocations=2437 (full 2290):
 garbage-first heap   total 140288K, used 45068K [0x00000000c0000000, 0x0000000100000000)
  region size 1024K, 0 young (0K), 0 survivors (0K)
 Metaspace       used 69768K, committed 70144K, reserved 1114112K
  class space    used 9186K, committed 9344K, reserved 1048576K
}
Event: 28444.209 GC heap before
{Heap before GC invocations=2437 (full 2290):
 garbage-first heap   total 140288K, used 45068K [0x00000000c0000000, 0x0000000100000000)
  region size 1024K, 1 young (1024K), 0 survivors (0K)
 Metaspace       used 69768K, committed 70144K, reserved 1114112K
  class space    used 9186K, committed 9344K, reserved 1048576K
}
Event: 28444.295 GC heap after
{Heap after GC invocations=2438 (full 2291):
 garbage-first heap   total 140288K, used 45068K [0x00000000c0000000, 0x0000000100000000)
  region size 1024K, 0 young (0K), 0 survivors (0K)
 Metaspace       used 69768K, committed 70144K, reserved 1114112K
  class space    used 9186K, committed 9344K, reserved 1048576K
}
Event: 28455.254 GC heap before
{Heap before GC invocations=2438 (full 2291):
 garbage-first heap   total 140288K, used 45068K [0x00000000c0000000, 0x0000000100000000)
  region size 1024K, 1 young (1024K), 0 survivors (0K)
 Metaspace       used 69768K, committed 70144K, reserved 1114112K
  class space    used 9186K, committed 9344K, reserved 1048576K
}
Event: 28455.332 GC heap after
{Heap after GC invocations=2439 (full 2292):
 garbage-first heap   total 140288K, used 45068K [0x00000000c0000000, 0x0000000100000000)
  region size 1024K, 0 young (0K), 0 survivors (0K)
 Metaspace       used 69768K, committed 70144K, reserved 1114112K
  class space    used 9186K, committed 9344K, reserved 1048576K
}

